<?xml version="1.0" encoding="UTF-8"?>
<!-- Generated by org.testng.reporters.JUnitReportReporter -->
<testsuite hostname="PUNsdholeN4G3QH.local" name="testCases.AndroidLoginTest" tests="1" failures="0" timestamp="10 Dec 2018 18:28:32 GMT" time="17.710" errors="0">
  <testcase name="LoginWithValidCredentials" time="17.710" classname="testCases.AndroidLoginTest"/>
</testsuite> <!-- testCases.AndroidLoginTest -->
