<?xml version="1.0" encoding="UTF-8"?>
<!-- Generated by org.testng.reporters.JUnitReportReporter -->
<testsuite hostname="PUNsdholeN4G3QH.local" name="base.TestBase" tests="1" failures="0" timestamp="10 Dec 2018 17:08:47 GMT" time="22.516" errors="0">
  <testcase name="setup" time="22.516" classname="base.TestBase"/>
</testsuite> <!-- base.TestBase -->
